<?xml version="1.0" encoding="UTF-8"?>
<testsuite name="com.dimonapp.CouponServletTest" tests="2" skipped="0" failures="0" errors="0" timestamp="2022-04-19T07:54:34" hostname="probook440" time="0.773">
  <properties/>
  <testcase name="doPost" classname="com.dimonapp.CouponServletTest" time="0.772"/>
  <testcase name="doGet" classname="com.dimonapp.CouponServletTest" time="0.001"/>
  <system-out><![CDATA[]]></system-out>
  <system-err><![CDATA[]]></system-err>
</testsuite>
